Using pre-set license
Built from '2021.3/staging' branch; Version is '2021.3.16f1 (4016570cf34f) revision 4200023'; Using compiler version '192829333'; Build Type 'Release'
OS: 'Windows 10  (10.0.19045) 64bit Professional' Language: 'en' Physical Memory: 32708 MB
BatchMode: 1, IsHumanControllingUs: 0, StartBugReporterOnCrash: 0, Is64bit: 1, IsPro: 1

COMMAND LINE ARGUMENTS:
D:\Program Files\Unity\2021.3.16f1\Editor\Unity.exe
-adb2
-batchMode
-noUpm
-name
AssetImportWorker0
-projectPath
D:/Repos/EditorExtensions
-logFile
Logs/AssetImportWorker0.log
-srvPort
52362
Successfully changed project path to: D:/Repos/EditorExtensions
D:/Repos/EditorExtensions
[UnityMemory] Configuration Parameters - Can be set up in boot.config
    "memorysetup-bucket-allocator-granularity=16"
    "memorysetup-bucket-allocator-bucket-count=8"
    "memorysetup-bucket-allocator-block-size=33554432"
    "memorysetup-bucket-allocator-block-count=8"
    "memorysetup-main-allocator-block-size=16777216"
    "memorysetup-thread-allocator-block-size=16777216"
    "memorysetup-gfx-main-allocator-block-size=16777216"
    "memorysetup-gfx-thread-allocator-block-size=16777216"
    "memorysetup-cache-allocator-block-size=4194304"
    "memorysetup-typetree-allocator-block-size=2097152"
    "memorysetup-profiler-bucket-allocator-granularity=16"
    "memorysetup-profiler-bucket-allocator-bucket-count=8"
    "memorysetup-profiler-bucket-allocator-block-size=33554432"
    "memorysetup-profiler-bucket-allocator-block-count=8"
    "memorysetup-profiler-allocator-block-size=16777216"
    "memorysetup-profiler-editor-allocator-block-size=1048576"
    "memorysetup-temp-allocator-size-main=16777216"
    "memorysetup-job-temp-allocator-block-size=2097152"
    "memorysetup-job-temp-allocator-block-size-background=1048576"
    "memorysetup-job-temp-allocator-reduction-small-platforms=262144"
    "memorysetup-temp-allocator-size-background-worker=32768"
    "memorysetup-temp-allocator-size-job-worker=262144"
    "memorysetup-temp-allocator-size-preload-manager=33554432"
    "memorysetup-temp-allocator-size-nav-mesh-worker=65536"
    "memorysetup-temp-allocator-size-audio-worker=65536"
    "memorysetup-temp-allocator-size-cloud-worker=32768"
    "memorysetup-temp-allocator-size-gi-baking-worker=262144"
    "memorysetup-temp-allocator-size-gfx=262144"
Player connection [20484] Host "[IP] 192.168.50.153 [Port] 0 [Flags] 2 [Guid] 4185693432 [EditorId] 4185693432 [Version] 1048832 [Id] WindowsEditor(7,Ncase) [Debug] 1 [PackageName] WindowsEditor [ProjectName] Editor" joined multi-casting on [225.0.0.222:54997]...

Player connection [20484] Host "[IP] 192.168.50.153 [Port] 0 [Flags] 2 [Guid] 4185693432 [EditorId] 4185693432 [Version] 1048832 [Id] WindowsEditor(7,Ncase) [Debug] 1 [PackageName] WindowsEditor [ProjectName] Editor" joined alternative multi-casting on [225.0.0.222:34997]...

Refreshing native plugins compatible for Editor in 14.90 ms, found 0 plugins.
Preloading 0 native plugins for Editor in 0.00 ms.
Initialize engine version: 2021.3.16f1 (4016570cf34f)
[Subsystems] Discovering subsystems at path D:/Program Files/Unity/2021.3.16f1/Editor/Data/Resources/UnitySubsystems
[Subsystems] Discovering subsystems at path D:/Repos/EditorExtensions/Assets
GfxDevice: creating device client; threaded=0; jobified=0
Direct3D:
    Version:  Direct3D 11.0 [level 11.1]
    Renderer: NVIDIA GeForce RTX 3070 (ID=0x2488)
    Vendor:   NVIDIA
    VRAM:     8043 MB
    Driver:   31.0.15.1694
Initialize mono
Mono path[0] = 'D:/Program Files/Unity/2021.3.16f1/Editor/Data/Managed'
Mono path[1] = 'D:/Program Files/Unity/2021.3.16f1/Editor/Data/MonoBleedingEdge/lib/mono/unityjit-win32'
Mono config path = 'D:/Program Files/Unity/2021.3.16f1/Editor/Data/MonoBleedingEdge/etc'
Using monoOptions --debugger-agent=transport=dt_socket,embedding=1,server=y,suspend=n,address=127.0.0.1:56600
Begin MonoManager ReloadAssembly
Registering precompiled unity dll's ...
Register platform support module: D:/Program Files/Unity/2021.3.16f1/Editor/Data/PlaybackEngines/WindowsStandaloneSupport/UnityEditor.WindowsStandalone.Extensions.dll
Registered in 0.006219 seconds.
Native extension for WindowsStandalone target not found
Refreshing native plugins compatible for Editor in 12.84 ms, found 0 plugins.
Preloading 0 native plugins for Editor in 0.00 ms.
Mono: successfully reloaded assembly
- Completed reload, in  0.634 seconds
Domain Reload Profiling:
	ReloadAssembly (634ms)
		BeginReloadAssembly (88ms)
			ExecutionOrderSort (0ms)
			DisableScriptedObjects (0ms)
			BackupInstance (0ms)
			ReleaseScriptingObjects (0ms)
			CreateAndSetChildDomain (1ms)
		EndReloadAssembly (411ms)
			LoadAssemblies (86ms)
			RebuildTransferFunctionScriptingTraits (0ms)
			SetupTypeCache (117ms)
			ReleaseScriptCaches (0ms)
			RebuildScriptCaches (28ms)
			SetupLoadedEditorAssemblies (220ms)
				LogAssemblyErrors (0ms)
				InitializePlatformSupportModulesInManaged (7ms)
				SetLoadedEditorAssemblies (0ms)
				RefreshPlugins (13ms)
				BeforeProcessingInitializeOnLoad (2ms)
				ProcessInitializeOnLoadAttributes (150ms)
				ProcessInitializeOnLoadMethodAttributes (48ms)
				AfterProcessingInitializeOnLoad (0ms)
				EditorAssembliesLoaded (0ms)
			ExecutionOrderSort2 (0ms)
			AwakeInstancesAfterBackupRestoration (0ms)
Platform modules already initialized, skipping
Registering precompiled user dll's ...
Registered in 0.001754 seconds.
Begin MonoManager ReloadAssembly
Native extension for WindowsStandalone target not found
Refreshing native plugins compatible for Editor in 0.11 ms, found 0 plugins.
Preloading 0 native plugins for Editor in 0.00 ms.
Mono: successfully reloaded assembly
- Completed reload, in  0.932 seconds
Domain Reload Profiling:
	ReloadAssembly (933ms)
		BeginReloadAssembly (123ms)
			ExecutionOrderSort (0ms)
			DisableScriptedObjects (7ms)
			BackupInstance (0ms)
			ReleaseScriptingObjects (0ms)
			CreateAndSetChildDomain (23ms)
		EndReloadAssembly (693ms)
			LoadAssemblies (68ms)
			RebuildTransferFunctionScriptingTraits (0ms)
			SetupTypeCache (132ms)
			ReleaseScriptCaches (0ms)
			RebuildScriptCaches (34ms)
			SetupLoadedEditorAssemblies (429ms)
				LogAssemblyErrors (0ms)
				InitializePlatformSupportModulesInManaged (6ms)
				SetLoadedEditorAssemblies (0ms)
				RefreshPlugins (0ms)
				BeforeProcessingInitializeOnLoad (39ms)
				ProcessInitializeOnLoadAttributes (126ms)
				ProcessInitializeOnLoadMethodAttributes (252ms)
				AfterProcessingInitializeOnLoad (6ms)
				EditorAssembliesLoaded (0ms)
			ExecutionOrderSort2 (0ms)
			AwakeInstancesAfterBackupRestoration (6ms)
Platform modules already initialized, skipping
========================================================================
Worker process is ready to serve import requests
Launched and connected shader compiler UnityShaderCompiler.exe after 0.05 seconds
Refreshing native plugins compatible for Editor in 0.19 ms, found 0 plugins.
Preloading 0 native plugins for Editor in 0.00 ms.
Unloading 546 Unused Serialized files (Serialized files now loaded: 0)
Unloading 10 unused Assets / (56.1 KB). Loaded Objects now: 1019.
Memory consumption went from 37.2 MB to 37.2 MB.
Total: 3.252900 ms (FindLiveObjects: 0.073700 ms CreateObjectMapping: 0.016600 ms MarkObjects: 3.081400 ms  DeleteObjects: 0.080200 ms)

AssetImportParameters requested are different than current active one (requested -> active):
  custom:video-decoder-ogg-theora: a1e56fd34408186e4bbccfd4996cb3dc -> 
  custom:container-muxer-webm: aa71ff27fc2769a1b78a27578f13a17b -> 
  custom:container-demuxer-webm: 4f35f7cbe854078d1ac9338744f61a02 -> 
  custom:video-encoder-webm-vp8: eb34c28f22e8b96e1ab97ce403110664 -> 
  custom:audio-encoder-webm-vorbis: bf7c407c2cedff20999df2af8eb42d56 -> 
  custom:framework-win-MediaFoundation: 216162199b28c13a410421893ffa2e32 -> 
  custom:container-demuxer-ogg: 62fdf1f143b41e24485cea50d1cbac27 -> 
  custom:video-decoder-webm-vp8: 9c59270c3fd7afecdb556c50c9e8de78 -> 
  custom:audio-decoder-ogg-vorbis: bf7c407c2cedff20999df2af8eb42d56 -> 
========================================================================
Received Prepare
Registering precompiled user dll's ...
Registered in 0.001309 seconds.
Begin MonoManager ReloadAssembly
Native extension for WindowsStandalone target not found
Refreshing native plugins compatible for Editor in 0.32 ms, found 0 plugins.
Preloading 0 native plugins for Editor in 0.00 ms.
Mono: successfully reloaded assembly
- Completed reload, in  0.921 seconds
Domain Reload Profiling:
	ReloadAssembly (921ms)
		BeginReloadAssembly (121ms)
			ExecutionOrderSort (0ms)
			DisableScriptedObjects (5ms)
			BackupInstance (0ms)
			ReleaseScriptingObjects (0ms)
			CreateAndSetChildDomain (22ms)
		EndReloadAssembly (690ms)
			LoadAssemblies (73ms)
			RebuildTransferFunctionScriptingTraits (0ms)
			SetupTypeCache (140ms)
			ReleaseScriptCaches (0ms)
			RebuildScriptCaches (33ms)
			SetupLoadedEditorAssemblies (420ms)
				LogAssemblyErrors (0ms)
				InitializePlatformSupportModulesInManaged (15ms)
				SetLoadedEditorAssemblies (1ms)
				RefreshPlugins (0ms)
				BeforeProcessingInitializeOnLoad (31ms)
				ProcessInitializeOnLoadAttributes (114ms)
				ProcessInitializeOnLoadMethodAttributes (250ms)
				AfterProcessingInitializeOnLoad (8ms)
				EditorAssembliesLoaded (0ms)
			ExecutionOrderSort2 (0ms)
			AwakeInstancesAfterBackupRestoration (5ms)
Platform modules already initialized, skipping
Refreshing native plugins compatible for Editor in 0.28 ms, found 0 plugins.
Preloading 0 native plugins for Editor in 0.00 ms.
Unloading 541 Unused Serialized files (Serialized files now loaded: 0)
Unloading 4 unused Assets / (24.6 KB). Loaded Objects now: 1022.
Memory consumption went from 37.1 MB to 37.0 MB.
Total: 3.320100 ms (FindLiveObjects: 0.092100 ms CreateObjectMapping: 0.028300 ms MarkObjects: 3.181000 ms  DeleteObjects: 0.017800 ms)

AssetImportParameters requested are different than current active one (requested -> active):
  custom:video-decoder-ogg-theora: a1e56fd34408186e4bbccfd4996cb3dc -> 
  custom:container-muxer-webm: aa71ff27fc2769a1b78a27578f13a17b -> 
  custom:container-demuxer-webm: 4f35f7cbe854078d1ac9338744f61a02 -> 
  custom:video-encoder-webm-vp8: eb34c28f22e8b96e1ab97ce403110664 -> 
  custom:audio-encoder-webm-vorbis: bf7c407c2cedff20999df2af8eb42d56 -> 
  custom:framework-win-MediaFoundation: 216162199b28c13a410421893ffa2e32 -> 
  custom:container-demuxer-ogg: 62fdf1f143b41e24485cea50d1cbac27 -> 
  custom:video-decoder-webm-vp8: 9c59270c3fd7afecdb556c50c9e8de78 -> 
  custom:audio-decoder-ogg-vorbis: bf7c407c2cedff20999df2af8eb42d56 -> 
========================================================================
Received Import Request.
  Time since last request: 82732.100276 seconds.
  path: Packages/com.cec.editorextensions/Editor/EditorExtensions.Editor.asmdef
  artifactKey: Guid(e1a2e8d4ecc3a5845a14b03a2ee641d8) Importer(815301076,1909f56bfc062723c751e8b465ee728b)
Start importing Packages/com.cec.editorextensions/Editor/EditorExtensions.Editor.asmdef using Guid(e1a2e8d4ecc3a5845a14b03a2ee641d8) Importer(815301076,1909f56bfc062723c751e8b465ee728b)  -> (artifact id: '1323141b0acd4c05df272c59572ae99e') in 0.025892 seconds 
========================================================================
Received Prepare
Registering precompiled user dll's ...
Registered in 0.001155 seconds.
Begin MonoManager ReloadAssembly
Native extension for WindowsStandalone target not found
Refreshing native plugins compatible for Editor in 0.11 ms, found 0 plugins.
Preloading 0 native plugins for Editor in 0.00 ms.
Mono: successfully reloaded assembly
- Completed reload, in  0.929 seconds
Domain Reload Profiling:
	ReloadAssembly (930ms)
		BeginReloadAssembly (139ms)
			ExecutionOrderSort (0ms)
			DisableScriptedObjects (6ms)
			BackupInstance (0ms)
			ReleaseScriptingObjects (0ms)
			CreateAndSetChildDomain (28ms)
		EndReloadAssembly (688ms)
			LoadAssemblies (81ms)
			RebuildTransferFunctionScriptingTraits (0ms)
			SetupTypeCache (134ms)
			ReleaseScriptCaches (0ms)
			RebuildScriptCaches (36ms)
			SetupLoadedEditorAssemblies (407ms)
				LogAssemblyErrors (0ms)
				InitializePlatformSupportModulesInManaged (14ms)
				SetLoadedEditorAssemblies (0ms)
				RefreshPlugins (0ms)
				BeforeProcessingInitializeOnLoad (33ms)
				ProcessInitializeOnLoadAttributes (111ms)
				ProcessInitializeOnLoadMethodAttributes (241ms)
				AfterProcessingInitializeOnLoad (7ms)
				EditorAssembliesLoaded (0ms)
			ExecutionOrderSort2 (0ms)
			AwakeInstancesAfterBackupRestoration (7ms)
Platform modules already initialized, skipping
Refreshing native plugins compatible for Editor in 0.46 ms, found 0 plugins.
Preloading 0 native plugins for Editor in 0.00 ms.
Unloading 541 Unused Serialized files (Serialized files now loaded: 0)
Unloading 4 unused Assets / (24.6 KB). Loaded Objects now: 1025.
Memory consumption went from 37.1 MB to 37.1 MB.
Total: 2.858600 ms (FindLiveObjects: 0.075600 ms CreateObjectMapping: 0.019100 ms MarkObjects: 2.743400 ms  DeleteObjects: 0.019500 ms)

AssetImportParameters requested are different than current active one (requested -> active):
  custom:video-decoder-ogg-theora: a1e56fd34408186e4bbccfd4996cb3dc -> 
  custom:container-muxer-webm: aa71ff27fc2769a1b78a27578f13a17b -> 
  custom:container-demuxer-webm: 4f35f7cbe854078d1ac9338744f61a02 -> 
  custom:video-encoder-webm-vp8: eb34c28f22e8b96e1ab97ce403110664 -> 
  custom:audio-encoder-webm-vorbis: bf7c407c2cedff20999df2af8eb42d56 -> 
  custom:framework-win-MediaFoundation: 216162199b28c13a410421893ffa2e32 -> 
  custom:container-demuxer-ogg: 62fdf1f143b41e24485cea50d1cbac27 -> 
  custom:video-decoder-webm-vp8: 9c59270c3fd7afecdb556c50c9e8de78 -> 
  custom:audio-decoder-ogg-vorbis: bf7c407c2cedff20999df2af8eb42d56 -> 
========================================================================
Received Import Request.
  Time since last request: 23.977670 seconds.
  path: Packages/com.cec.editorextensions/Editor/CEC.EditorExtensions.Editor.asmdef
  artifactKey: Guid(e1a2e8d4ecc3a5845a14b03a2ee641d8) Importer(815301076,1909f56bfc062723c751e8b465ee728b)
Start importing Packages/com.cec.editorextensions/Editor/CEC.EditorExtensions.Editor.asmdef using Guid(e1a2e8d4ecc3a5845a14b03a2ee641d8) Importer(815301076,1909f56bfc062723c751e8b465ee728b)  -> (artifact id: '7bb6b4a43e42317be51d4b8889675d13') in 0.006980 seconds 
========================================================================
Received Prepare
Registering precompiled user dll's ...
Registered in 0.001370 seconds.
Begin MonoManager ReloadAssembly
Native extension for WindowsStandalone target not found
Refreshing native plugins compatible for Editor in 0.18 ms, found 0 plugins.
Preloading 0 native plugins for Editor in 0.00 ms.
Mono: successfully reloaded assembly
- Completed reload, in  0.966 seconds
Domain Reload Profiling:
	ReloadAssembly (967ms)
		BeginReloadAssembly (144ms)
			ExecutionOrderSort (0ms)
			DisableScriptedObjects (8ms)
			BackupInstance (0ms)
			ReleaseScriptingObjects (0ms)
			CreateAndSetChildDomain (28ms)
		EndReloadAssembly (714ms)
			LoadAssemblies (84ms)
			RebuildTransferFunctionScriptingTraits (0ms)
			SetupTypeCache (147ms)
			ReleaseScriptCaches (0ms)
			RebuildScriptCaches (36ms)
			SetupLoadedEditorAssemblies (421ms)
				LogAssemblyErrors (0ms)
				InitializePlatformSupportModulesInManaged (14ms)
				SetLoadedEditorAssemblies (1ms)
				RefreshPlugins (0ms)
				BeforeProcessingInitializeOnLoad (35ms)
				ProcessInitializeOnLoadAttributes (119ms)
				ProcessInitializeOnLoadMethodAttributes (246ms)
				AfterProcessingInitializeOnLoad (6ms)
				EditorAssembliesLoaded (0ms)
			ExecutionOrderSort2 (0ms)
			AwakeInstancesAfterBackupRestoration (5ms)
Platform modules already initialized, skipping
Refreshing native plugins compatible for Editor in 0.30 ms, found 0 plugins.
Preloading 0 native plugins for Editor in 0.00 ms.
Unloading 541 Unused Serialized files (Serialized files now loaded: 0)
Unloading 4 unused Assets / (24.6 KB). Loaded Objects now: 1028.
Memory consumption went from 37.1 MB to 37.1 MB.
Total: 3.084300 ms (FindLiveObjects: 0.128000 ms CreateObjectMapping: 0.056900 ms MarkObjects: 2.875800 ms  DeleteObjects: 0.022600 ms)

AssetImportParameters requested are different than current active one (requested -> active):
  custom:video-decoder-ogg-theora: a1e56fd34408186e4bbccfd4996cb3dc -> 
  custom:container-muxer-webm: aa71ff27fc2769a1b78a27578f13a17b -> 
  custom:container-demuxer-webm: 4f35f7cbe854078d1ac9338744f61a02 -> 
  custom:video-encoder-webm-vp8: eb34c28f22e8b96e1ab97ce403110664 -> 
  custom:audio-encoder-webm-vorbis: bf7c407c2cedff20999df2af8eb42d56 -> 
  custom:framework-win-MediaFoundation: 216162199b28c13a410421893ffa2e32 -> 
  custom:container-demuxer-ogg: 62fdf1f143b41e24485cea50d1cbac27 -> 
  custom:video-decoder-webm-vp8: 9c59270c3fd7afecdb556c50c9e8de78 -> 
  custom:audio-decoder-ogg-vorbis: bf7c407c2cedff20999df2af8eb42d56 -> 
========================================================================
Received Import Request.
  Time since last request: 15.088678 seconds.
  path: Packages/com.cec.editorextensions/LICENSE.md
  artifactKey: Guid(30ec229ddfd95314d858be2a6a413a22) Importer(815301076,1909f56bfc062723c751e8b465ee728b)
Start importing Packages/com.cec.editorextensions/LICENSE.md using Guid(30ec229ddfd95314d858be2a6a413a22) Importer(815301076,1909f56bfc062723c751e8b465ee728b)  -> (artifact id: 'da05a7889bbcd755a4d872ea7e57b5eb') in 0.022473 seconds 
========================================================================
Received Import Request.
  Time since last request: 0.408384 seconds.
  path: Packages/com.cec.editorextensions/CHANGELOG.md
  artifactKey: Guid(c2de7fe5fb06ff740a2df5011b79f25e) Importer(815301076,1909f56bfc062723c751e8b465ee728b)
Start importing Packages/com.cec.editorextensions/CHANGELOG.md using Guid(c2de7fe5fb06ff740a2df5011b79f25e) Importer(815301076,1909f56bfc062723c751e8b465ee728b)  -> (artifact id: '0a976f8188883ff16d750c67a7181188') in 0.005037 seconds 
========================================================================
Received Import Request.
  Time since last request: 3.153622 seconds.
  path: Packages/com.cec.editorextensions/Changelog.md
  artifactKey: Guid(c2de7fe5fb06ff740a2df5011b79f25e) Importer(815301076,1909f56bfc062723c751e8b465ee728b)
Start importing Packages/com.cec.editorextensions/Changelog.md using Guid(c2de7fe5fb06ff740a2df5011b79f25e) Importer(815301076,1909f56bfc062723c751e8b465ee728b)  -> (artifact id: 'f9266778dc6dfaf3954859e42975e9f2') in 0.005476 seconds 
========================================================================
Received Import Request.
  Time since last request: 3.892438 seconds.
  path: Packages/com.cec.editorextensions/License.md
  artifactKey: Guid(30ec229ddfd95314d858be2a6a413a22) Importer(815301076,1909f56bfc062723c751e8b465ee728b)
Start importing Packages/com.cec.editorextensions/License.md using Guid(30ec229ddfd95314d858be2a6a413a22) Importer(815301076,1909f56bfc062723c751e8b465ee728b)  -> (artifact id: 'c5f0d2ef6143217b5cb4109e4206ef45') in 0.005827 seconds 
========================================================================
Received Import Request.
  Time since last request: 50.092992 seconds.
  path: Packages/com.cec.editorextensions/Changelog.md
  artifactKey: Guid(c2de7fe5fb06ff740a2df5011b79f25e) Importer(815301076,1909f56bfc062723c751e8b465ee728b)
Start importing Packages/com.cec.editorextensions/Changelog.md using Guid(c2de7fe5fb06ff740a2df5011b79f25e) Importer(815301076,1909f56bfc062723c751e8b465ee728b)  -> (artifact id: 'd70767799f15e1ab40440c142e564430') in 0.003161 seconds 
========================================================================
Received Import Request.
  Time since last request: 20.956398 seconds.
  path: Packages/com.cec.editorextensions
  artifactKey: Guid(6a4416462e98456816e84e1e47741124) Importer(815301076,1909f56bfc062723c751e8b465ee728b)
Start importing Packages/com.cec.editorextensions using Guid(6a4416462e98456816e84e1e47741124) Importer(815301076,1909f56bfc062723c751e8b465ee728b)  -> (artifact id: '286c2160cac27cd3da1d0967f2481799') in 0.005626 seconds 
========================================================================
Received Import Request.
  Time since last request: 6.739209 seconds.
  path: Packages/com.cec.editorextensions/Samples
  artifactKey: Guid(4b656eb1ac941db4faeed95b829dfbb0) Importer(815301076,1909f56bfc062723c751e8b465ee728b)
Start importing Packages/com.cec.editorextensions/Samples using Guid(4b656eb1ac941db4faeed95b829dfbb0) Importer(815301076,1909f56bfc062723c751e8b465ee728b)  -> (artifact id: '3b21e38ecdd34abfe6c38609f75770fe') in 0.004613 seconds 
========================================================================
Received Import Request.
  Time since last request: 2.792176 seconds.
  path: Assets/Dev/TestScene.unity
  artifactKey: Guid(70324e45043cb49cf9baa5ef25e4f24c) Importer(815301076,1909f56bfc062723c751e8b465ee728b)
Start importing Assets/Dev/TestScene.unity using Guid(70324e45043cb49cf9baa5ef25e4f24c) Importer(815301076,1909f56bfc062723c751e8b465ee728b)  -> (artifact id: '2c9e6fc05f70b44a6ffffb7a8fa8890b') in 0.004818 seconds 
========================================================================
Received Import Request.
  Time since last request: 7.102364 seconds.
  path: Assets/Dev/Editor
  artifactKey: Guid(cbe17d404b0bc4ca49d7236f93a07200) Importer(815301076,1909f56bfc062723c751e8b465ee728b)
Start importing Assets/Dev/Editor using Guid(cbe17d404b0bc4ca49d7236f93a07200) Importer(815301076,1909f56bfc062723c751e8b465ee728b)  -> (artifact id: 'd7e938d5e339945117181f99b0266206') in 0.001416 seconds 
========================================================================
Received Import Request.
  Time since last request: 1.656769 seconds.
  path: Assets/Dev
  artifactKey: Guid(433c2d73cd94c437488687932b408159) Importer(815301076,1909f56bfc062723c751e8b465ee728b)
Start importing Assets/Dev using Guid(433c2d73cd94c437488687932b408159) Importer(815301076,1909f56bfc062723c751e8b465ee728b)  -> (artifact id: '10bce008d97e44053d67169fa272431e') in 0.004450 seconds 
========================================================================
Received Prepare
Registering precompiled user dll's ...
Registered in 0.001796 seconds.
Begin MonoManager ReloadAssembly
Native extension for WindowsStandalone target not found
Refreshing native plugins compatible for Editor in 0.17 ms, found 0 plugins.
Preloading 0 native plugins for Editor in 0.00 ms.
Mono: successfully reloaded assembly
- Completed reload, in  0.935 seconds
Domain Reload Profiling:
	ReloadAssembly (936ms)
		BeginReloadAssembly (132ms)
			ExecutionOrderSort (0ms)
			DisableScriptedObjects (5ms)
			BackupInstance (0ms)
			ReleaseScriptingObjects (0ms)
			CreateAndSetChildDomain (25ms)
		EndReloadAssembly (691ms)
			LoadAssemblies (77ms)
			RebuildTransferFunctionScriptingTraits (0ms)
			SetupTypeCache (139ms)
			ReleaseScriptCaches (0ms)
			RebuildScriptCaches (29ms)
			SetupLoadedEditorAssemblies (423ms)
				LogAssemblyErrors (0ms)
				InitializePlatformSupportModulesInManaged (13ms)
				SetLoadedEditorAssemblies (1ms)
				RefreshPlugins (0ms)
				BeforeProcessingInitializeOnLoad (34ms)
				ProcessInitializeOnLoadAttributes (111ms)
				ProcessInitializeOnLoadMethodAttributes (258ms)
				AfterProcessingInitializeOnLoad (5ms)
				EditorAssembliesLoaded (0ms)
			ExecutionOrderSort2 (0ms)
			AwakeInstancesAfterBackupRestoration (6ms)
Platform modules already initialized, skipping
Refreshing native plugins compatible for Editor in 0.49 ms, found 0 plugins.
Preloading 0 native plugins for Editor in 0.00 ms.
Unloading 540 Unused Serialized files (Serialized files now loaded: 0)
Unloading 4 unused Assets / (24.6 KB). Loaded Objects now: 1032.
Memory consumption went from 37.1 MB to 37.1 MB.
Total: 2.784200 ms (FindLiveObjects: 0.125000 ms CreateObjectMapping: 0.047400 ms MarkObjects: 2.593300 ms  DeleteObjects: 0.017600 ms)

AssetImportParameters requested are different than current active one (requested -> active):
  custom:video-decoder-ogg-theora: a1e56fd34408186e4bbccfd4996cb3dc -> 
  custom:container-muxer-webm: aa71ff27fc2769a1b78a27578f13a17b -> 
  custom:container-demuxer-webm: 4f35f7cbe854078d1ac9338744f61a02 -> 
  custom:video-encoder-webm-vp8: eb34c28f22e8b96e1ab97ce403110664 -> 
  custom:audio-encoder-webm-vorbis: bf7c407c2cedff20999df2af8eb42d56 -> 
  custom:framework-win-MediaFoundation: 216162199b28c13a410421893ffa2e32 -> 
  custom:container-demuxer-ogg: 62fdf1f143b41e24485cea50d1cbac27 -> 
  custom:video-decoder-webm-vp8: 9c59270c3fd7afecdb556c50c9e8de78 -> 
  custom:audio-decoder-ogg-vorbis: bf7c407c2cedff20999df2af8eb42d56 -> 
========================================================================
Received Import Request.
  Time since last request: 13.611297 seconds.
  path: Assets/Thirdparty/Robot Kyle/Readme.txt
  artifactKey: Guid(0cd2b8bb26f624c2494c8330d911e6d8) Importer(815301076,1909f56bfc062723c751e8b465ee728b)
Start importing Assets/Thirdparty/Robot Kyle/Readme.txt using Guid(0cd2b8bb26f624c2494c8330d911e6d8) Importer(815301076,1909f56bfc062723c751e8b465ee728b)  -> (artifact id: 'dcffd1169bf66f9b38bf3d4f31c08c61') in 0.016954 seconds 
========================================================================
Received Import Request.
  Time since last request: 6.653785 seconds.
  path: Assets/Thirdparty/Robot Kyle
  artifactKey: Guid(69302f4a83e6f40aba5cd96a7ea846f3) Importer(815301076,1909f56bfc062723c751e8b465ee728b)
Start importing Assets/Thirdparty/Robot Kyle using Guid(69302f4a83e6f40aba5cd96a7ea846f3) Importer(815301076,1909f56bfc062723c751e8b465ee728b)  -> (artifact id: '09b45e144feba2a4d138d5401c40d77f') in 0.004688 seconds 
========================================================================
Received Import Request.
  Time since last request: 13.407422 seconds.
  path: Packages/com.cec.editorextensions/Samples/Thirdparty
  artifactKey: Guid(5e67eb74a27f440559b770ce5abc6f74) Importer(815301076,1909f56bfc062723c751e8b465ee728b)
Start importing Packages/com.cec.editorextensions/Samples/Thirdparty using Guid(5e67eb74a27f440559b770ce5abc6f74) Importer(815301076,1909f56bfc062723c751e8b465ee728b)  -> (artifact id: '4b19e1f80b066a2461e0fe9e6dd04f79') in 0.005176 seconds 
========================================================================
Received Import Request.
  Time since last request: 3.700741 seconds.
  path: Assets/EditorExtensions
  artifactKey: Guid(74b41efcb8ef34fd794d67f607dc6440) Importer(815301076,1909f56bfc062723c751e8b465ee728b)
Start importing Assets/EditorExtensions using Guid(74b41efcb8ef34fd794d67f607dc6440) Importer(815301076,1909f56bfc062723c751e8b465ee728b)  -> (artifact id: 'af6de8b8cfc5f36f67bd68883af5eab0') in 0.004845 seconds 
========================================================================
Received Import Request.
  Time since last request: 34.880385 seconds.
  path: Packages/com.cec.editorextensions/package.json
  artifactKey: Guid(13b484e3d673277408fedbc3b89ee8e7) Importer(815301076,1909f56bfc062723c751e8b465ee728b)
Start importing Packages/com.cec.editorextensions/package.json using Guid(13b484e3d673277408fedbc3b89ee8e7) Importer(815301076,1909f56bfc062723c751e8b465ee728b)  -> (artifact id: '2b618e9c8d3c8b0b5dcf222cbf290e17') in 0.013156 seconds 
========================================================================
Received Import Request.
  Time since last request: 0.002857 seconds.
  path: Packages/com.cec.editorextensions/Samples/Thirdparty/Robot Kyle/Materials/Robot_Color.mat
  artifactKey: Guid(0aa851515cd3747d6b3b3e461199a2ed) Importer(815301076,1909f56bfc062723c751e8b465ee728b)
Start importing Packages/com.cec.editorextensions/Samples/Thirdparty/Robot Kyle/Materials/Robot_Color.mat using Guid(0aa851515cd3747d6b3b3e461199a2ed) Importer(815301076,1909f56bfc062723c751e8b465ee728b)  -> (artifact id: '4414b13c2301b5f1cf2d5e25d5c3ebdb') in 0.219661 seconds 
========================================================================
Received Import Request.
  Time since last request: 0.010512 seconds.
  path: Packages/com.cec.editorextensions/Samples/Thirdparty/Robot Kyle/Textures/Robot_Normal.tga
  artifactKey: Guid(94c473c9137744d7eabd829f1150da8d) Importer(815301076,1909f56bfc062723c751e8b465ee728b)
Start importing Packages/com.cec.editorextensions/Samples/Thirdparty/Robot Kyle/Textures/Robot_Normal.tga using Guid(94c473c9137744d7eabd829f1150da8d) Importer(815301076,1909f56bfc062723c751e8b465ee728b)  -> (artifact id: 'b83cf8d61c9069df0b15a23953beab6d') in 0.047964 seconds 
========================================================================
Received Import Request.
  Time since last request: 0.008898 seconds.
  path: Packages/com.cec.editorextensions/Editor/MeshFiltersCombine/MeshFiltersCombine.cs
  artifactKey: Guid(e23666d443f7d4bb1bb0056e8780ee04) Importer(815301076,1909f56bfc062723c751e8b465ee728b)
Start importing Packages/com.cec.editorextensions/Editor/MeshFiltersCombine/MeshFiltersCombine.cs using Guid(e23666d443f7d4bb1bb0056e8780ee04) Importer(815301076,1909f56bfc062723c751e8b465ee728b)  -> (artifact id: '88d519d3b94d14299e6f4b539d1b9c53') in 0.009998 seconds 
========================================================================
Received Import Request.
  Time since last request: 0.004453 seconds.
  path: Packages/com.cec.editorextensions/Editor/Texture2DSavePNG/Texture2DSavePNG.cs
  artifactKey: Guid(43b6e7600a3317945ab419313fb5bc7e) Importer(815301076,1909f56bfc062723c751e8b465ee728b)
Start importing Packages/com.cec.editorextensions/Editor/Texture2DSavePNG/Texture2DSavePNG.cs using Guid(43b6e7600a3317945ab419313fb5bc7e) Importer(815301076,1909f56bfc062723c751e8b465ee728b)  -> (artifact id: '10bd8d12a0194dd758716038f8158aa9') in 0.004267 seconds 
========================================================================
Received Import Request.
  Time since last request: 0.004583 seconds.
  path: Packages/com.cec.editorextensions/Samples/Thirdparty/Robot Kyle/Model/Robot Kyle.fbx
  artifactKey: Guid(320b1c2af77554f99a1658df4a6d3d5c) Importer(815301076,1909f56bfc062723c751e8b465ee728b)
Start importing Packages/com.cec.editorextensions/Samples/Thirdparty/Robot Kyle/Model/Robot Kyle.fbx using Guid(320b1c2af77554f99a1658df4a6d3d5c) Importer(815301076,1909f56bfc062723c751e8b465ee728b)  -> (artifact id: '53b2bad1442d3e9bfca5e237028b5f53') in 0.331007 seconds 
========================================================================
Received Import Request.
  Time since last request: 0.012730 seconds.
  path: Packages/com.cec.editorextensions/Editor/TransformCopyPasteRecursive/TransformCopyPasteRecursive.cs
  artifactKey: Guid(dd71c20126a7a4bd79743242d5c43294) Importer(815301076,1909f56bfc062723c751e8b465ee728b)
Start importing Packages/com.cec.editorextensions/Editor/TransformCopyPasteRecursive/TransformCopyPasteRecursive.cs using Guid(dd71c20126a7a4bd79743242d5c43294) Importer(815301076,1909f56bfc062723c751e8b465ee728b)  -> (artifact id: '9c1e9494524ac2fcf1d125854582b6a2') in 0.004225 seconds 
========================================================================
Received Import Request.
  Time since last request: 0.004389 seconds.
  path: Packages/com.cec.editorextensions/Editor/SkinnedMeshRendererSaveMesh/SkinnedMeshRendererSaveMesh.cs
  artifactKey: Guid(5f5931c61688345409da9ec19a783b3a) Importer(815301076,1909f56bfc062723c751e8b465ee728b)
Start importing Packages/com.cec.editorextensions/Editor/SkinnedMeshRendererSaveMesh/SkinnedMeshRendererSaveMesh.cs using Guid(5f5931c61688345409da9ec19a783b3a) Importer(815301076,1909f56bfc062723c751e8b465ee728b)  -> (artifact id: 'f35d8a0fa7ebc02512fd212f6ee1d6d3') in 0.004686 seconds 
========================================================================
Received Import Request.
  Time since last request: 0.004192 seconds.
  path: Packages/com.cec.editorextensions/Editor/MeshFilterSaveMesh/MeshFilterSaveMesh.cs
  artifactKey: Guid(06637f0c0f00847f2ba80ba6c7886541) Importer(815301076,1909f56bfc062723c751e8b465ee728b)
Start importing Packages/com.cec.editorextensions/Editor/MeshFilterSaveMesh/MeshFilterSaveMesh.cs using Guid(06637f0c0f00847f2ba80ba6c7886541) Importer(815301076,1909f56bfc062723c751e8b465ee728b)  -> (artifact id: '1b274e56fd8bb2bcbe5959b016367514') in 0.004745 seconds 
========================================================================
Received Import Request.
  Time since last request: 0.004186 seconds.
  path: Packages/com.cec.editorextensions/Editor/ScreenShot/ScreenshotMenuItem.cs
  artifactKey: Guid(042d2d59b78ec4b70a573158b43b98c9) Importer(815301076,1909f56bfc062723c751e8b465ee728b)
Start importing Packages/com.cec.editorextensions/Editor/ScreenShot/ScreenshotMenuItem.cs using Guid(042d2d59b78ec4b70a573158b43b98c9) Importer(815301076,1909f56bfc062723c751e8b465ee728b)  -> (artifact id: '7934e0ef68c6efc097c2e4881aa6eeee') in 0.004141 seconds 
========================================================================
Received Import Request.
  Time since last request: 0.004047 seconds.
  path: Packages/com.cec.editorextensions/Samples/SubMeshCastle.asset
  artifactKey: Guid(baa2a7546f9e64b7fb824e7d86177b76) Importer(815301076,1909f56bfc062723c751e8b465ee728b)
Start importing Packages/com.cec.editorextensions/Samples/SubMeshCastle.asset using Guid(baa2a7546f9e64b7fb824e7d86177b76) Importer(815301076,1909f56bfc062723c751e8b465ee728b)  -> (artifact id: '0f68b20f00bbbc4c5cca8786f78ff304') in 0.011877 seconds 
========================================================================
Received Import Request.
  Time since last request: 0.013824 seconds.
  path: Packages/com.cec.editorextensions/Samples/Thirdparty/Robot Kyle/Textures/Robot_Color.tga
  artifactKey: Guid(0a0e8af2869fa45f78e25460db578482) Importer(815301076,1909f56bfc062723c751e8b465ee728b)
Start importing Packages/com.cec.editorextensions/Samples/Thirdparty/Robot Kyle/Textures/Robot_Color.tga using Guid(0a0e8af2869fa45f78e25460db578482) Importer(815301076,1909f56bfc062723c751e8b465ee728b)  -> (artifact id: '13ba8b5632a20d60d5bf4e2a395dce86') in 0.010629 seconds 
